{"date": "07/20/2021, 22:19:45", "data": "WH:Open - Ready"}
{"date": "07/20/2021, 22:25:50", "data": "WH:Recv - COMP bull flag, breaking resistance"}
{"date": "07/20/2021, 22:25:50", "data": "WS:Send - {'content': 'COMP bull flag, breaking resistance'}"}
{"date": "07/20/2021, 22:27:14", "data": "WH:Closed"}
{"date": "07/20/2021, 22:27:14", "data": "WH:Open - Ready"}
{"date": "07/20/2021, 22:27:39", "data": "WH:Recv - COMP bull flag, breaking resistance"}
{"date": "07/20/2021, 22:27:39", "data": "WS:Send - {'content': 'COMP bull flag, breaking resistance'}"}
{"date": "07/20/2021, 22:28:08", "data": "WH:Closed"}
{"date": "07/20/2021, 22:28:08", "data": "WH:Open - Ready"}
{"date": "07/20/2021, 22:28:28", "data": "WH:Open - Ready"}
{"date": "07/20/2021, 22:28:51", "data": "WH:Recv - COMP bull flag, breaking resistance"}
{"date": "07/20/2021, 22:28:51", "data": "WS:Send - {'content': 'COMP bull flag, breaking resistance'}"}
{"date": "07/20/2021, 22:29:23", "data": "WH:Closed"}
{"date": "07/20/2021, 22:29:23", "data": "WH:Open - Ready"}
{"date": "07/20/2021, 22:29:37", "data": "WH:Recv - COMP bull flag, breaking resistance"}
{"date": "07/20/2021, 22:29:37", "data": "WS:Send - {'content': 'FTX/COMP, Flag=Bull, Buy'}"}
{"date": "07/20/2021, 22:29:39", "data": "WH:Recv - COMP bull flag, breaking resistance"}
{"date": "07/20/2021, 22:29:39", "data": "WS:Send - {'content': 'FTX/COMP, Flag=Bull, Buy'}"}
{"date": "07/21/2021, 18:19:08", "data": "WH:Open - Ready"}
{"date": "07/21/2021, 18:21:30", "data": "WH:Open - Ready"}
{"date": "07/21/2021, 18:23:45", "data": "WH:Open - Ready"}
{"date": "07/26/2021, 14:08:10", "data": "WH:Open - Ready"}
{"date": "07/26/2021, 14:16:00", "data": "WH:Open - Ready"}
{"date": "07/26/2021, 14:33:35", "data": "WH:Open - Ready"}
{"date": "07/26/2021, 14:40:26", "data": "WH:Open - Ready"}
{"date": "07/26/2021, 15:05:48", "data": "WH:Open - Ready"}
{"date": "07/26/2021, 17:08:52", "data": "WH:Open - Ready"}
{"date": "07/26/2021, 17:18:48", "data": "WH:Open - Ready"}
{"date": "07/30/2021, 16:26:52", "data": "WH:Open - Ready"}
{"date": "07/30/2021, 18:22:23", "data": "WH:Open - Ready"}
{"date": "07/30/2021, 19:09:44", "data": "WH:Open - Ready"}
{"date": "07/30/2021, 19:13:41", "data": "WH:Open - Ready"}
{"date": "07/30/2021, 19:17:49", "data": "WH:Open - Ready"}
{"date": "08/03/2021, 10:19:26", "data": "WH:Open - Ready"}
{"date": "08/03/2021, 14:50:40", "data": "WH:Open - Ready"}
{"date": "08/03/2021, 15:03:48", "data": "WH:Open - Ready"}
{"date": "08/03/2021, 21:16:01", "data": "WH:Open - Ready"}
{"date": "08/03/2021, 21:50:20", "data": "WH:Open - Ready"}
{"date": "08/09/2021, 01:46:25", "data": "WH:Open - Ready"}
{"date": "08/09/2021, 02:34:49", "data": "WH:Open - Ready"}
