{"date": "07/20/2021, 20:44:36", "data": "WH:Open - Ready"}
{"date": "07/20/2021, 20:50:55", "data": "WH:Recv - {\"content\": \"COMP bear flag, breaking support\"}"}
{"date": "07/20/2021, 20:50:55", "data": "WS:Send - {'content': '{\"content\": \"COMP bear flag, breaking support\"}'}"}
{"date": "07/20/2021, 20:51:19", "data": "WH:Recv - [content: Bull Flag: Civic (CVC) Looks like it could run]"}
{"date": "07/20/2021, 20:51:19", "data": "WS:Send - {'content': '[content: Bull Flag: Civic (CVC) Looks like it could run]'}"}
{"date": "07/20/2021, 20:51:32", "data": "WH:Recv - COMP bear flag, breaking support"}
{"date": "07/20/2021, 20:51:32", "data": "WS:Send - {'content': 'COMP bear flag, breaking support'}"}
{"date": "07/20/2021, 20:56:59", "data": "WH:Closed"}
{"date": "07/20/2021, 20:56:59", "data": "WH:Open - Ready"}
{"date": "07/20/2021, 20:57:21", "data": "WH:Recv - COMP bear flag, breaking support"}
{"date": "07/20/2021, 20:57:21", "data": "WS:Send - {'content': 'Comp BEAR signal has flagged'}"}
{"date": "07/20/2021, 20:57:35", "data": "WH:Recv - COMP bear flag, breaking support"}
{"date": "07/20/2021, 20:57:35", "data": "WS:Send - {'content': 'Comp BEAR signal has flagged'}"}
{"date": "07/20/2021, 21:02:02", "data": "WH:Closed"}
{"date": "07/20/2021, 21:02:02", "data": "WH:Open - Ready"}
{"date": "07/20/2021, 21:02:45", "data": "WH:Recv - COMP bear flag, breaking support"}
{"date": "07/20/2021, 21:02:45", "data": "WS:Send - {'content': 'COMP bear flag, breaking support'}"}
{"date": "07/20/2021, 21:03:28", "data": "WH:Recv - COMP bull flag, breaking resistance"}
{"date": "07/20/2021, 21:03:28", "data": "WS:Send - {'content': 'COMP bull flag, breaking resistance'}"}
{"date": "07/20/2021, 21:03:30", "data": "WH:Recv - COMP bull flag, breaking resistance"}
{"date": "07/20/2021, 21:03:30", "data": "WS:Send - {'content': 'COMP bull flag, breaking resistance'}"}
